生成启动时间为 2013/10/21 12:27:06。
     1>项目“D:\编程工具\Visual Stadio 2010项目\Chairman Mao\Chairman Mao\Chairman Mao.vcxproj”在节点 2 上(build 个目标)。
     1>InitializeBuildStatus:
         正在创建“Debug\Chairman Mao.unsuccessfulbuild”，因为已指定“AlwaysCreate”。
       ClCompile:
         d:\编程工具\Visual Studio 2010\VC\bin\CL.exe /c /ZI /nologo /W3 /WX- /Od /Oy- /D _MBCS /Gm /EHsc /RTC1 /MDd /GS /fp:precise /Zc:wchar_t /Zc:forScope /Fo"Debug\\" /Fd"Debug\vc100.pdb" /Gd /TP /analyze- /errorReport:prompt main.cpp
         main.cpp
       ResourceCompile:
         所有输出均为最新。
       Link:
         d:\编程工具\Visual Studio 2010\VC\bin\link.exe /ERRORREPORT:PROMPT /OUT:"D:\编程工具\Visual Stadio 2010项目\Chairman Mao\Debug\Chairman Mao.exe" /NOLOGO kernel32.lib user32.lib gdi32.lib winspool.lib comdlg32.lib advapi32.lib shell32.lib ole32.lib oleaut32.lib uuid.lib odbc32.lib odbccp32.lib /MANIFEST /ManifestFile:"Debug\Chairman Mao.exe.intermediate.manifest" /MANIFESTUAC:"level='asInvoker' uiAccess='false'" /DEBUG /PDB:"D:\编程工具\Visual Stadio 2010项目\Chairman Mao\Debug\Chairman Mao.pdb" /TLBID:1 /DYNAMICBASE /NXCOMPAT /IMPLIB:"D:\编程工具\Visual Stadio 2010项目\Chairman Mao\Debug\Chairman Mao.lib" /MACHINE:X86 "Debug\Chairman Mao.res"
         Debug\BaseGameEntity.obj
         Debug\EntityManager.obj
         Debug\Guard.obj
         Debug\GuardOwnedStates.obj
         Debug\main.obj
         Debug\Mao.obj
         Debug\MaoOwnedStates.obj
         Debug\MessageDispatcher.obj
         Debug\CrudeTimer.obj
         Debug\People.obj
         Debug\PeopleOwnedStates.obj
         LINK : 没有找到 D:\编程工具\Visual Stadio 2010项目\Chairman Mao\Debug\Chairman Mao.exe 或上一个增量链接没有生成它；正在执行完全链接
         Chairman Mao.vcxproj -> D:\编程工具\Visual Stadio 2010项目\Chairman Mao\Debug\Chairman Mao.exe
       Manifest:
         C:\Program Files (x86)\Microsoft SDKs\Windows\v7.0A\bin\mt.exe /nologo /verbose /outputresource:"D:\编程工具\Visual Stadio 2010项目\Chairman Mao\Debug\Chairman Mao.exe;#1" /manifest "Debug\Chairman Mao.exe.intermediate.manifest"
       FinalizeBuildStatus:
         正在删除文件“Debug\Chairman Mao.unsuccessfulbuild”。
         正在对“Debug\Chairman Mao.lastbuildstate”执行 Touch 任务。
     1>已完成生成项目“D:\编程工具\Visual Stadio 2010项目\Chairman Mao\Chairman Mao\Chairman Mao.vcxproj”(build 个目标)的操作。

生成成功。

已用时间 00:00:02.82
